0 info it worked if it ends with ok
1 verbose cli [
1 verbose cli   '/opt/alt/alt-nodejs12/root/usr/bin/node',
1 verbose cli   '/opt/alt/alt-nodejs12/root/usr/bin/npm',
1 verbose cli   'run-script',
1 verbose cli   'dev',
1 verbose cli   '--'
1 verbose cli ]
2 info using npm@6.14.6
3 info using node@v12.18.3
4 verbose run-script [ 'predev', 'dev', 'postdev' ]
5 info lifecycle fullstack_vue_express@1.0.0~predev: fullstack_vue_express@1.0.0
6 info lifecycle fullstack_vue_express@1.0.0~dev: fullstack_vue_express@1.0.0
7 verbose lifecycle fullstack_vue_express@1.0.0~dev: unsafe-perm in lifecycle true
8 verbose lifecycle fullstack_vue_express@1.0.0~dev: PATH: /opt/alt/alt-nodejs12/root/usr/lib/node_modules/npm/node_modules.bundled/npm-lifecycle/node-gyp-bin:/home/igassmar/public_html/manager.gpc.com.pl/node_modules/.bin:/opt/alt/alt-nodejs12/root/usr/bin:/home/igassmar/nodevenv/public_html/manager.gpc.com.pl/12/bin:/opt/alt/alt-nodejs12/root/usr/bin:/home/igassmar/nodevenv/public_html/manager.gpc.com.pl/12/lib/bin/:/usr/local/jdk/bin:/usr/kerberos/sbin:/usr/kerberos/bin:/usr/local/sbin:/usr/local/bin:/sbin:/bin:/usr/sbin:/usr/bin:/usr/X11R6/bin:/usr/local/bin:/usr/X11R6/bin:/root/bin:/opt/bin
9 verbose lifecycle fullstack_vue_express@1.0.0~dev: CWD: /home/igassmar/public_html/manager.gpc.com.pl
10 silly lifecycle fullstack_vue_express@1.0.0~dev: Args: [ '-c', 'nodemon server/index.js --scripts-prepend-node-path' ]
11 info lifecycle fullstack_vue_express@1.0.0~dev: Failed to exec dev script
12 verbose stack Error: fullstack_vue_express@1.0.0 dev: `nodemon server/index.js --scripts-prepend-node-path`
12 verbose stack spawn ENOENT
12 verbose stack     at ChildProcess.<anonymous> (/opt/alt/alt-nodejs12/root/usr/lib/node_modules/npm/node_modules.bundled/npm-lifecycle/lib/spawn.js:48:18)
12 verbose stack     at ChildProcess.emit (events.js:315:20)
12 verbose stack     at maybeClose (internal/child_process.js:1021:16)
12 verbose stack     at Process.ChildProcess._handle.onexit (internal/child_process.js:286:5)
13 verbose pkgid fullstack_vue_express@1.0.0
14 verbose cwd /home/igassmar/public_html/manager.gpc.com.pl
15 verbose Linux 3.10.0-962.3.2.lve1.5.36.el7.x86_64
16 verbose argv "/opt/alt/alt-nodejs12/root/usr/bin/node" "/opt/alt/alt-nodejs12/root/usr/bin/npm" "run-script" "dev" "--"
17 verbose node v12.18.3
18 verbose npm  v6.14.6
19 error code ELIFECYCLE
20 error syscall spawn
21 error file sh
22 error errno ENOENT
23 error fullstack_vue_express@1.0.0 dev: `nodemon server/index.js --scripts-prepend-node-path`
23 error spawn ENOENT
24 error Failed at the fullstack_vue_express@1.0.0 dev script.
24 error This is probably not a problem with npm. There is likely additional logging output above.
25 verbose exit [ 1, true ]
